This is pdfTeX, Version 3.1415926-2.5-1.40.14 (TeX Live 2013) (format=pdflatex 2013.5.30)  20 MAR 2014 02:54
entering extended mode
 restricted \write18 enabled.
 %&-line parsing enabled.
**UIS3291_NgWeeKiatJeremy_finalreport.tex
(./UIS3291_NgWeeKiatJeremy_finalreport.tex
LaTeX2e <2011/06/27>
Babel <3.9f> and hyphenation patterns for 78 languages loaded.
(/usr/local/texlive/2013/texmf-dist/tex/latex/base/article.cls
Document Class: article 2007/10/19 v1.4h Standard LaTeX document class
(/usr/local/texlive/2013/texmf-dist/tex/latex/base/size12.clo
File: size12.clo 2007/10/19 v1.4h Standard LaTeX file (size option)
)
\c@part=\count79
\c@section=\count80
\c@subsection=\count81
\c@subsubsection=\count82
\c@paragraph=\count83
\c@subparagraph=\count84
\c@figure=\count85
\c@table=\count86
\abovecaptionskip=\skip41
\belowcaptionskip=\skip42
\bibindent=\dimen102
)
(/usr/local/texlive/2013/texmf-dist/tex/latex/amsmath/amsmath.sty
Package: amsmath 2013/01/14 v2.14 AMS math features
\@mathmargin=\skip43

For additional information on amsmath, use the `?' option.
(/usr/local/texlive/2013/texmf-dist/tex/latex/amsmath/amstext.sty
Package: amstext 2000/06/29 v2.01

(/usr/local/texlive/2013/texmf-dist/tex/latex/amsmath/amsgen.sty
File: amsgen.sty 1999/11/30 v2.0
\@emptytoks=\toks14
\ex@=\dimen103
))
(/usr/local/texlive/2013/texmf-dist/tex/latex/amsmath/amsbsy.sty
Package: amsbsy 1999/11/29 v1.2d
\pmbraise@=\dimen104
)
(/usr/local/texlive/2013/texmf-dist/tex/latex/amsmath/amsopn.sty
Package: amsopn 1999/12/14 v2.01 operator names
)
\inf@bad=\count87
LaTeX Info: Redefining \frac on input line 210.
\uproot@=\count88
\leftroot@=\count89
LaTeX Info: Redefining \overline on input line 306.
\classnum@=\count90
\DOTSCASE@=\count91
LaTeX Info: Redefining \ldots on input line 378.
LaTeX Info: Redefining \dots on input line 381.
LaTeX Info: Redefining \cdots on input line 466.
\Mathstrutbox@=\box26
\strutbox@=\box27
\big@size=\dimen105
LaTeX Font Info:    Redeclaring font encoding OML on input line 566.
LaTeX Font Info:    Redeclaring font encoding OMS on input line 567.
\macc@depth=\count92
\c@MaxMatrixCols=\count93
\dotsspace@=\muskip10
\c@parentequation=\count94
\dspbrk@lvl=\count95
\tag@help=\toks15
\row@=\count96
\column@=\count97
\maxfields@=\count98
\andhelp@=\toks16
\eqnshift@=\dimen106
\alignsep@=\dimen107
\tagshift@=\dimen108
\tagwidth@=\dimen109
\totwidth@=\dimen110
\lineht@=\dimen111
\@envbody=\toks17
\multlinegap=\skip44
\multlinetaggap=\skip45
\mathdisplay@stack=\toks18
LaTeX Info: Redefining \[ on input line 2665.
LaTeX Info: Redefining \] on input line 2666.
)
(/usr/local/texlive/2013/texmf-dist/tex/latex/graphics/graphicx.sty
Package: graphicx 1999/02/16 v1.0f Enhanced LaTeX Graphics (DPC,SPQR)

(/usr/local/texlive/2013/texmf-dist/tex/latex/graphics/keyval.sty
Package: keyval 1999/03/16 v1.13 key=value parser (DPC)
\KV@toks@=\toks19
)
(/usr/local/texlive/2013/texmf-dist/tex/latex/graphics/graphics.sty
Package: graphics 2009/02/05 v1.0o Standard LaTeX Graphics (DPC,SPQR)

(/usr/local/texlive/2013/texmf-dist/tex/latex/graphics/trig.sty
Package: trig 1999/03/16 v1.09 sin cos tan (DPC)
)
(/usr/local/texlive/2013/texmf-dist/tex/latex/latexconfig/graphics.cfg
File: graphics.cfg 2010/04/23 v1.9 graphics configuration of TeX Live
)
Package graphics Info: Driver file: pdftex.def on input line 91.

(/usr/local/texlive/2013/texmf-dist/tex/latex/pdftex-def/pdftex.def
File: pdftex.def 2011/05/27 v0.06d Graphics/color for pdfTeX

(/usr/local/texlive/2013/texmf-dist/tex/generic/oberdiek/infwarerr.sty
Package: infwarerr 2010/04/08 v1.3 Providing info/warning/error messages (HO)
)
(/usr/local/texlive/2013/texmf-dist/tex/generic/oberdiek/ltxcmds.sty
Package: ltxcmds 2011/11/09 v1.22 LaTeX kernel commands for general use (HO)
)
\Gread@gobject=\count99
))
\Gin@req@height=\dimen112
\Gin@req@width=\dimen113
)
(/usr/local/texlive/2013/texmf-dist/tex/latex/caption/caption.sty
Package: caption 2013/05/02 v3.3-89 Customizing captions (AR)

(/usr/local/texlive/2013/texmf-dist/tex/latex/caption/caption3.sty
Package: caption3 2013/05/02 v1.6-88 caption3 kernel (AR)
Package caption3 Info: TeX engine: e-TeX on input line 57.
\captionmargin=\dimen114
\captionmargin@=\dimen115
\captionwidth=\dimen116
\caption@tempdima=\dimen117
\caption@indent=\dimen118
\caption@parindent=\dimen119
\caption@hangindent=\dimen120
)
\c@ContinuedFloat=\count100
)
(/usr/local/texlive/2013/texmf-dist/tex/latex/cite/cite.sty
LaTeX Info: Redefining \cite on input line 302.
LaTeX Info: Redefining \nocite on input line 373.
Package: cite 2010/09/10  v 5.3
)
(./UIS3291_NgWeeKiatJeremy_finalreport.aux)
\openout1 = `UIS3291_NgWeeKiatJeremy_finalreport.aux'.

LaTeX Font Info:    Checking defaults for OML/cmm/m/it on input line 7.
LaTeX Font Info:    ... okay on input line 7.
LaTeX Font Info:    Checking defaults for T1/cmr/m/n on input line 7.
LaTeX Font Info:    ... okay on input line 7.
LaTeX Font Info:    Checking defaults for OT1/cmr/m/n on input line 7.
LaTeX Font Info:    ... okay on input line 7.
LaTeX Font Info:    Checking defaults for OMS/cmsy/m/n on input line 7.
LaTeX Font Info:    ... okay on input line 7.
LaTeX Font Info:    Checking defaults for OMX/cmex/m/n on input line 7.
LaTeX Font Info:    ... okay on input line 7.
LaTeX Font Info:    Checking defaults for U/cmr/m/n on input line 7.
LaTeX Font Info:    ... okay on input line 7.

(/usr/local/texlive/2013/texmf-dist/tex/context/base/supp-pdf.mkii
[Loading MPS to PDF converter (version 2006.09.02).]
\scratchcounter=\count101
\scratchdimen=\dimen121
\scratchbox=\box28
\nofMPsegments=\count102
\nofMParguments=\count103
\everyMPshowfont=\toks20
\MPscratchCnt=\count104
\MPscratchDim=\dimen122
\MPnumerator=\count105
\makeMPintoPDFobject=\count106
\everyMPtoPDFconversion=\toks21
) (/usr/local/texlive/2013/texmf-dist/tex/generic/oberdiek/pdftexcmds.sty
Package: pdftexcmds 2011/11/29 v0.20 Utility functions of pdfTeX for LuaTeX (HO
)

(/usr/local/texlive/2013/texmf-dist/tex/generic/oberdiek/ifluatex.sty
Package: ifluatex 2010/03/01 v1.3 Provides the ifluatex switch (HO)
Package ifluatex Info: LuaTeX not detected.
)
(/usr/local/texlive/2013/texmf-dist/tex/generic/oberdiek/ifpdf.sty
Package: ifpdf 2011/01/30 v2.3 Provides the ifpdf switch (HO)
Package ifpdf Info: pdfTeX in PDF mode is detected.
)
Package pdftexcmds Info: LuaTeX not detected.
Package pdftexcmds Info: \pdf@primitive is available.
Package pdftexcmds Info: \pdf@ifprimitive is available.
Package pdftexcmds Info: \pdfdraftmode found.
)
(/usr/local/texlive/2013/texmf-dist/tex/latex/oberdiek/epstopdf-base.sty
Package: epstopdf-base 2010/02/09 v2.5 Base part for package epstopdf

(/usr/local/texlive/2013/texmf-dist/tex/latex/oberdiek/grfext.sty
Package: grfext 2010/08/19 v1.1 Manage graphics extensions (HO)

(/usr/local/texlive/2013/texmf-dist/tex/generic/oberdiek/kvdefinekeys.sty
Package: kvdefinekeys 2011/04/07 v1.3 Define keys (HO)
))
(/usr/local/texlive/2013/texmf-dist/tex/latex/oberdiek/kvoptions.sty
Package: kvoptions 2011/06/30 v3.11 Key value format for package options (HO)

(/usr/local/texlive/2013/texmf-dist/tex/generic/oberdiek/kvsetkeys.sty
Package: kvsetkeys 2012/04/25 v1.16 Key value parser (HO)

(/usr/local/texlive/2013/texmf-dist/tex/generic/oberdiek/etexcmds.sty
Package: etexcmds 2011/02/16 v1.5 Avoid name clashes with e-TeX commands (HO)
Package etexcmds Info: Could not find \expanded.
(etexcmds)             That can mean that you are not using pdfTeX 1.50 or
(etexcmds)             that some package has redefined \expanded.
(etexcmds)             In the latter case, load this package earlier.
)))
Package grfext Info: Graphics extension search list:
(grfext)             [.png,.pdf,.jpg,.mps,.jpeg,.jbig2,.jb2,.PNG,.PDF,.JPG,.JPE
G,.JBIG2,.JB2,.eps]
(grfext)             \AppendGraphicsExtensions on input line 452.

(/usr/local/texlive/2013/texmf-dist/tex/latex/latexconfig/epstopdf-sys.cfg
File: epstopdf-sys.cfg 2010/07/13 v1.3 Configuration of (r)epstopdf for TeX Liv
e
))
Package caption Info: Begin \AtBeginDocument code.
Package caption Info: End \AtBeginDocument code.

[1

{/usr/local/texlive/2013/texmf-var/fonts/map/pdftex/updmap/pdftex.map}]
(./UIS3291_NgWeeKiatJeremy_finalreport.toc
Overfull \hbox (1.36684pt too wide) in paragraph at lines 19--19
 [][] []\OT1/cmr/m/n/12 Bayesian con-di-tional prob-a-bil-i-ties sug-gests that
 the mu-ta-tional 
 []

)
\tf@toc=\write3
\openout3 = `UIS3291_NgWeeKiatJeremy_finalreport.toc'.

 [1] (./UIS3291_NgWeeKiatJeremy_finalreport.lof)
\tf@lof=\write4
\openout4 = `UIS3291_NgWeeKiatJeremy_finalreport.lof'.


(./UIS3291_NgWeeKiatJeremy_finalreport.lot)
\tf@lot=\write5
\openout5 = `UIS3291_NgWeeKiatJeremy_finalreport.lot'.

 [2] [3]
<images/smad.jpg, id=25, 478.78876pt x 331.2375pt>
File: images/smad.jpg Graphic file (type jpg)
 <use images/smad.jpg>
Package pdftex.def Info: images/smad.jpg used on input line 88.
(pdftex.def)             Requested size: 199.16928pt x 137.78952pt.

[4 <./images/smad.jpg>]
Missing character: There is no â in font cmr12!
Missing character: There is no € in font cmr12!
Missing character: There is no ˜ in font cmr12!
Missing character: There is no â in font cmr12!
Missing character: There is no € in font cmr12!
Missing character: There is no ™ in font cmr12!
 [5] [6] [7]
<images/PCAplot.png, id=42, 867.24pt x 867.24pt>
File: images/PCAplot.png Graphic file (type png)
 <use images/PCAplot.png>
Package pdftex.def Info: images/PCAplot.png used on input line 271.
(pdftex.def)             Requested size: 199.16928pt x 199.16988pt.

[8]
Overfull \hbox (1.57556pt too wide) in paragraph at lines 297--297
[]\OT1/cmr/bx/n/14.4 Clustering of $[]$-$\OML/cmm/m/it/14.4 ^^L$ \OT1/cmr/bx/n/
14.4 sen-si-tive sam-ples oc-curs along
 []

<images/heatmap.png, id=47, 478.78876pt x 440.64626pt>
File: images/heatmap.png Graphic file (type png)

<use images/heatmap.png>
Package pdftex.def Info: images/heatmap.png used on input line 305.
(pdftex.def)             Requested size: 199.16928pt x 183.30182pt.

<images/rnaseqscgb1d2.png, id=48, 2202.2275pt x 1602.98875pt>
File: images/rnaseqscgb1d2.png Graphic file (type png)

<use images/rnaseqscgb1d2.png>
Package pdftex.def Info: images/rnaseqscgb1d2.png used on input line 321.
(pdftex.def)             Requested size: 199.16928pt x 144.97209pt.

<images/scgb1d2expression.png, id=49, 2107.875pt x 2107.875pt>
File: images/scgb1d2expression.png Graphic file (type png)

<use images/scgb1d2expression.png>
Package pdftex.def Info: images/scgb1d2expression.png used on input line 342.
(pdftex.def)             Requested size: 199.16928pt x 199.15665pt.
 [9 <./images/PCAplot.png>] [10 <./images/heatmap.png> <./images/rnaseqscgb1d2.
png>]
<images/correlations.png, id=60, 2107.875pt x 2107.875pt>
File: images/correlations.png Graphic file (type png)

<use images/correlations.png>
Package pdftex.def Info: images/correlations.png used on input line 374.
(pdftex.def)             Requested size: 199.16928pt x 199.15665pt.

<images/CNVcorrelations.png, id=61, 2210.2575pt x 1360.08125pt>
File: images/CNVcorrelations.png Graphic file (type png)

<use images/CNVcorrelations.png>
Package pdftex.def Info: images/CNVcorrelations.png used on input line 401.
(pdftex.def)             Requested size: 199.16928pt x 122.5473pt.

<images/CNVreported.png, id=62, 2020.54875pt x 1404.24625pt>
File: images/CNVreported.png Graphic file (type png)

<use images/CNVreported.png>
Package pdftex.def Info: images/CNVreported.png used on input line 421.
(pdftex.def)             Requested size: 199.16928pt x 138.4187pt.

<images/CNVcomparison.png, id=63, 2794.44pt x 1594.95876pt>
File: images/CNVcomparison.png Graphic file (type png)

<use images/CNVcomparison.png>
Package pdftex.def Info: images/CNVcomparison.png used on input line 436.
(pdftex.def)             Requested size: 256.0748pt x 146.14417pt.
 [11 <./images/scgb1d2expression.png>]

LaTeX Warning: `h' float specifier changed to `ht'.

[12 <./images/correlations.png>]
Overfull \hbox (11.09286pt too wide) in paragraph at lines 454--454
[]\OT1/cmr/bx/n/14.4 The mu-ta-tional land-scape of tu-mor sam-ples is highly
 []

<images/distribution.png, id=73, 2686.035pt x 1481.535pt>
File: images/distribution.png Graphic file (type png)

<use images/distribution.png>
Package pdftex.def Info: images/distribution.png used on input line 462.
(pdftex.def)             Requested size: 256.0748pt x 141.22202pt.
 [13 <./images/CNVcorrelations.png> <./images/CNVreported.png>] [14 <./images/C
NVcomparison.png> <./images/distribution.png>]
Overfull \hbox (9.62175pt too wide) in paragraph at lines 521--529
[][] 
 []


Overfull \hbox (3.07452pt too wide) in paragraph at lines 533--533
[]\OT1/cmr/bx/n/14.4 Bayesian con-di-tional prob-a-bil-i-ties sug-gests that th
e
 []


Overfull \hbox (6.73265pt too wide) in paragraph at lines 547--559
[][] 
 []


Overfull \hbox (1.01894pt too wide) in paragraph at lines 581--598
[][] 
 []

[15] [16] [17] (./UIS3291_NgWeeKiatJeremy_finalreport.bbl [18]) [19]
(./UIS3291_NgWeeKiatJeremy_finalreport.aux) ) 
Here is how much of TeX's memory you used:
 3363 strings out of 493315
 51066 string characters out of 6137904
 118189 words of memory out of 5000000
 6767 multiletter control sequences out of 15000+600000
 16904 words of font info for 58 fonts, out of 8000000 for 9000
 957 hyphenation exceptions out of 8191
 38i,12n,38p,286b,358s stack positions out of 5000i,500n,10000p,200000b,80000s
</usr/local/texlive/2013/texmf-dis
t/fonts/type1/public/amsfonts/cm/cmbx10.pfb></usr/local/texlive/2013/texmf-dist
/fonts/type1/public/amsfonts/cm/cmbx12.pfb></usr/local/texlive/2013/texmf-dist/
fonts/type1/public/amsfonts/cm/cmbxti10.pfb></usr/local/texlive/2013/texmf-dist
/fonts/type1/public/amsfonts/cm/cmcsc10.pfb></usr/local/texlive/2013/texmf-dist
/fonts/type1/public/amsfonts/cm/cmmi10.pfb></usr/local/texlive/2013/texmf-dist/
fonts/type1/public/amsfonts/cm/cmmi12.pfb></usr/local/texlive/2013/texmf-dist/f
onts/type1/public/amsfonts/cm/cmmi8.pfb></usr/local/texlive/2013/texmf-dist/fon
ts/type1/public/amsfonts/cm/cmr10.pfb></usr/local/texlive/2013/texmf-dist/fonts
/type1/public/amsfonts/cm/cmr12.pfb></usr/local/texlive/2013/texmf-dist/fonts/t
ype1/public/amsfonts/cm/cmr8.pfb></usr/local/texlive/2013/texmf-dist/fonts/type
1/public/amsfonts/cm/cmsy10.pfb></usr/local/texlive/2013/texmf-dist/fonts/type1
/public/amsfonts/cm/cmsy8.pfb></usr/local/texlive/2013/texmf-dist/fonts/type1/p
ublic/amsfonts/cm/cmti10.pfb></usr/local/texlive/2013/texmf-dist/fonts/type1/pu
blic/amsfonts/cm/cmti12.pfb></usr/local/texlive/2013/texmf-dist/fonts/type1/pub
lic/amsfonts/cm/cmti8.pfb>
Output written on UIS3291_NgWeeKiatJeremy_finalreport.pdf (20 pages, 891140 byt
es).
PDF statistics:
 149 PDF objects out of 1000 (max. 8388607)
 92 compressed objects within 1 object stream
 0 named destinations out of 1000 (max. 500000)
 51 words of extra memory for PDF output out of 10000 (max. 10000000)

